app/build/intermediates/manifest_merge_blame_file/debug/manifest-merger-blame-debug-report.txt
1<?xml version="1.0" encoding="utf-8"?>
2<manifest xmlns:android="http://schemas.android.com/apk/res/android"
3    package="com.example.map_matching_pilottest_2"
4    android:versionCode="1"
5    android:versionName="1.0" >
6
7    <uses-sdk
8        android:minSdkVersion="16"
8-->src\main\AndroidManifest.xml
9        android:targetSdkVersion="30" />
9-->src\main\AndroidManifest.xml
10
11    <uses-permission android:name="android.permission.ACCESS_COARSE_LOCATION" />
11-->src\main\AndroidManifest.xml:5:5-81
11-->src\main\AndroidManifest.xml:5:22-78
12    <uses-permission android:name="android.permission.ACCESS_FINE_LOCATION" />
12-->src\main\AndroidManifest.xml:6:5-79
12-->src\main\AndroidManifest.xml:6:22-76
13    <!-- 위치정보 사용을 위해 권한을 추가 -->
14
15    <uses-permission android:name="android.permission.READ_EXTERNAL_STORAGE" />
15-->src\main\AndroidManifest.xml:9:5-80
15-->src\main\AndroidManifest.xml:9:22-77
16    <uses-permission android:name="android.permission.WRITE_EXTERNAL_STORAGE" />
16-->src\main\AndroidManifest.xml:10:5-81
16-->src\main\AndroidManifest.xml:10:22-78
17
18    <uses-feature
18-->[com.naver.maps:map-sdk:3.5.0] AndroidManifest.xml:11:5-13:35
19        android:glEsVersion="0x00020000"
19-->[com.naver.maps:map-sdk:3.5.0] AndroidManifest.xml:12:9-41
20        android:required="true" />
20-->[com.naver.maps:map-sdk:3.5.0] AndroidManifest.xml:13:9-32
21    <uses-feature
21-->[com.naver.maps:map-sdk:3.5.0] AndroidManifest.xml:14:5-16:36
22        android:name="android.hardware.wifi"
22-->[com.naver.maps:map-sdk:3.5.0] AndroidManifest.xml:15:9-45
23        android:required="false" />
23-->[com.naver.maps:map-sdk:3.5.0] AndroidManifest.xml:16:9-33
24
25    <uses-permission android:name="android.permission.INTERNET" />
25-->[com.naver.maps:map-sdk:3.5.0] AndroidManifest.xml:18:5-67
25-->[com.naver.maps:map-sdk:3.5.0] AndroidManifest.xml:18:22-64
26    <uses-permission android:name="android.permission.ACCESS_NETWORK_STATE" />
26-->[com.naver.maps:map-sdk:3.5.0] AndroidManifest.xml:19:5-79
26-->[com.naver.maps:map-sdk:3.5.0] AndroidManifest.xml:19:22-76
27    <uses-permission android:name="android.permission.ACCESS_WIFI_STATE" />
27-->[com.naver.maps:map-sdk:3.5.0] AndroidManifest.xml:20:5-76
27-->[com.naver.maps:map-sdk:3.5.0] AndroidManifest.xml:20:22-73
28
29    <application
29-->src\main\AndroidManifest.xml:13:5-32:19
30        android:allowBackup="true"
30-->src\main\AndroidManifest.xml:14:9-35
31        android:appComponentFactory="androidx.core.app.CoreComponentFactory"
31-->[androidx.core:core:1.3.2] AndroidManifest.xml:24:18-86
32        android:debuggable="true"
33        android:icon="@mipmap/ic_launcher"
33-->src\main\AndroidManifest.xml:15:9-43
34        android:label="@string/app_name"
34-->src\main\AndroidManifest.xml:16:9-41
35        android:roundIcon="@mipmap/ic_launcher_round"
35-->src\main\AndroidManifest.xml:17:9-54
36        android:supportsRtl="true"
36-->src\main\AndroidManifest.xml:18:9-35
37        android:testOnly="true"
38        android:theme="@style/AppTheme" >
38-->src\main\AndroidManifest.xml:19:9-40
39        <activity android:name="com.example.map_matching_pilottest_2.MainActivity" >
39-->src\main\AndroidManifest.xml:20:9-26:20
39-->src\main\AndroidManifest.xml:20:19-47
40            <intent-filter>
40-->src\main\AndroidManifest.xml:21:13-25:29
41                <action android:name="android.intent.action.MAIN" />
41-->src\main\AndroidManifest.xml:22:17-69
41-->src\main\AndroidManifest.xml:22:25-66
42
43                <category android:name="android.intent.category.LAUNCHER" />
43-->src\main\AndroidManifest.xml:24:17-77
43-->src\main\AndroidManifest.xml:24:27-74
44            </intent-filter>
45        </activity>
46
47        <meta-data
47-->src\main\AndroidManifest.xml:28:9-30:42
48            android:name="com.naver.maps.map.CLIENT_ID"
48-->src\main\AndroidManifest.xml:29:13-56
49            android:value="06f2pdw6xa" />
49-->src\main\AndroidManifest.xml:30:13-39
50
51        <activity
51-->[com.naver.maps:map-sdk:3.5.0] AndroidManifest.xml:23:9-27:51
52            android:name="com.naver.maps.map.app.LegendActivity"
52-->[com.naver.maps:map-sdk:3.5.0] AndroidManifest.xml:24:13-65
53            android:configChanges="screenSize|smallestScreenSize|screenLayout|orientation"
53-->[com.naver.maps:map-sdk:3.5.0] AndroidManifest.xml:25:13-91
54            android:label="@string/navermap_legend"
54-->[com.naver.maps:map-sdk:3.5.0] AndroidManifest.xml:26:13-52
55            android:theme="@style/navermap_app" />
55-->[com.naver.maps:map-sdk:3.5.0] AndroidManifest.xml:27:13-48
56        <activity
56-->[com.naver.maps:map-sdk:3.5.0] AndroidManifest.xml:28:9-32:51
57            android:name="com.naver.maps.map.app.LegalNoticeActivity"
57-->[com.naver.maps:map-sdk:3.5.0] AndroidManifest.xml:29:13-70
58            android:configChanges="screenSize|smallestScreenSize|screenLayout|orientation"
58-->[com.naver.maps:map-sdk:3.5.0] AndroidManifest.xml:30:13-91
59            android:label="@string/navermap_legal_notice"
59-->[com.naver.maps:map-sdk:3.5.0] AndroidManifest.xml:31:13-58
60            android:theme="@style/navermap_app" />
60-->[com.naver.maps:map-sdk:3.5.0] AndroidManifest.xml:32:13-48
61        <activity
61-->[com.naver.maps:map-sdk:3.5.0] AndroidManifest.xml:33:9-37:51
62            android:name="com.naver.maps.map.app.OpenSourceLicenseActivity"
62-->[com.naver.maps:map-sdk:3.5.0] AndroidManifest.xml:34:13-76
63            android:configChanges="screenSize|smallestScreenSize|screenLayout|orientation"
63-->[com.naver.maps:map-sdk:3.5.0] AndroidManifest.xml:35:13-91
64            android:label="@string/navermap_open_source_license"
64-->[com.naver.maps:map-sdk:3.5.0] AndroidManifest.xml:36:13-65
65            android:theme="@style/navermap_app" />
65-->[com.naver.maps:map-sdk:3.5.0] AndroidManifest.xml:37:13-48
66        <activity
66-->[com.google.android.gms:play-services-base:17.0.0] AndroidManifest.xml:23:9-26:75
67            android:name="com.google.android.gms.common.api.GoogleApiActivity"
67-->[com.google.android.gms:play-services-base:17.0.0] AndroidManifest.xml:24:13-79
68            android:exported="false"
68-->[com.google.android.gms:play-services-base:17.0.0] AndroidManifest.xml:25:13-37
69            android:theme="@android:style/Theme.Translucent.NoTitleBar" />
69-->[com.google.android.gms:play-services-base:17.0.0] AndroidManifest.xml:26:13-72
70
71        <meta-data
71-->[com.google.android.gms:play-services-basement:17.0.0] AndroidManifest.xml:23:9-25:69
72            android:name="com.google.android.gms.version"
72-->[com.google.android.gms:play-services-basement:17.0.0] AndroidManifest.xml:24:13-58
73            android:value="@integer/google_play_services_version" />
73-->[com.google.android.gms:play-services-basement:17.0.0] AndroidManifest.xml:25:13-66
74    </application>
75
76</manifest>